<?xml version="1.0" encoding="UTF-8"?>
<!-- Generated by org.testng.reporters.JUnitXMLReporter -->
<testsuite ignored="0" hostname="CHMB135994" failures="0" tests="7" name="ChromeTest" time="45.343" errors="0" timestamp="2026-05-21T01:31:50 IST">
  <testcase classname="com.pages.LoginTest" name="browserLaunch" time="16.552"/>
  <testcase classname="com.pages.LoginTest" name="clickOnPractice" time="23.017"/>
  <testcase classname="com.pages.LoginTest" name="clickOnTestLoginPage" time="2.097"/>
  <testcase classname="com.pages.LoginTest" name="enterCredentials" time="1.5"/>
  <testcase classname="com.pages.LoginTest" name="clickOnSubmitCTA" time="1.597"/>
  <testcase classname="com.pages.LoginTest" name="verifySuccessfullyLoggedIn" time="0.193"/>
  <testcase classname="com.pages.LoginTest" name="browserClose" time="0.235"/>
</testsuite> <!-- ChromeTest -->
