<?xml version="1.0" encoding="UTF-8"?>
<!-- Generated by org.testng.reporters.JUnitXMLReporter -->
<testsuite ignored="0" hostname="CHMB135994" failures="1" tests="1" name="Test" time="19.717" errors="0" timestamp="2026-07-10T20:22:15 IST">
  <testcase classname="com.TestNGPracticeSuite.HeadlessExample" name="loginTest" time="19.555">
    <failure type="java.lang.AssertionError">
      <![CDATA[java.lang.AssertionError
at org.junit.Assert.fail(Assert.java:87)
at org.junit.Assert.assertTrue(Assert.java:42)
at org.junit.Assert.assertTrue(Assert.java:53)
at com.TestNGPracticeSuite.HeadlessExample.loginTest(HeadlessExample.java:23)
at java.base/java.util.ArrayList.forEach(ArrayList.java:1597)
... Removed 25 stack frames]]>
    </failure>
  </testcase> <!-- loginTest -->
</testsuite> <!-- Test -->
