<?xml version="1.0" encoding="UTF-8"?>
<!-- Generated by org.testng.reporters.JUnitReportReporter -->
<testsuite hostname="CHMB135994" failures="0" tests="3" name="vijay.TestNGStart" time="0.032" errors="0" timestamp="2025-07-29T14:48:30 IST" skipped="0">
  <testcase classname="vijay.TestNGStart" name="secondTest" time="0.003"/>
  <testcase classname="vijay.TestNGStart" name="thirdTest" time="0.005"/>
  <testcase classname="vijay.TestNGStart" name="firstTest" time="0.024"/>
</testsuite> <!-- vijay.TestNGStart -->
