<?xml version="1.0" encoding="UTF-8"?>
<!-- Generated by org.testng.reporters.JUnitReportReporter -->
<testsuite hostname="CHMB135994" failures="0" tests="6" name="testngpractice.NewTest" time="0.044" errors="0" timestamp="2025-07-18T19:36:19 IST" skipped="0">
  <testcase classname="testngpractice.NewTest" name="secondmethod" time="0.003"/>
  <testcase classname="testngpractice.NewTest" name="firstmethod" time="0.023"/>
  <testcase classname="testngpractice.NewTest" name="firstmethod" time="0.006"/>
  <testcase classname="testngpractice.NewTest" name="firstmethod" time="0.002"/>
  <testcase classname="testngpractice.NewTest" name="skipmethod" time="0.006"/>
  <testcase classname="testngpractice.NewTest" name="firstmethod" time="0.004"/>
</testsuite> <!-- testngpractice.NewTest -->
