<?xml version="1.0" encoding="UTF-8"?>
<!-- Generated by org.testng.reporters.JUnitReportReporter -->
<testsuite hostname="CHMB135994" failures="0" tests="18" name="com.TestNGPracticeSuite.TestNGAnnotations" time="23.611" errors="0" timestamp="2026-07-08T09:29:05 IST" skipped="0">
  <testcase classname="com.TestNGPracticeSuite.TestNGAnnotations" name="loginTest" time="17.591"/>
  <testcase classname="com.TestNGPracticeSuite.TestNGAnnotations" name="loginTest" time="5.864"/>
  <testcase classname="com.TestNGPracticeSuite.TestNGAnnotations" name="viewProduct" time="0.014"/>
  <testcase classname="com.TestNGPracticeSuite.TestNGAnnotations" name="viewProduct" time="0.004"/>
  <testcase classname="com.TestNGPracticeSuite.TestNGAnnotations" name="addToCart" time="0.009"/>
  <testcase classname="com.TestNGPracticeSuite.TestNGAnnotations" name="addToCart" time="0.020"/>
  <testcase classname="com.TestNGPracticeSuite.TestNGAnnotations" name="addToCart" time="0.016"/>
  <testcase classname="com.TestNGPracticeSuite.TestNGAnnotations" name="addToCart" time="0.008"/>
  <testcase classname="com.TestNGPracticeSuite.TestNGAnnotations" name="addToCart" time="0.023"/>
  <testcase classname="com.TestNGPracticeSuite.TestNGAnnotations" name="addToCart" time="0.006"/>
  <testcase classname="com.TestNGPracticeSuite.TestNGAnnotations" name="applyOffers" time="0.014"/>
  <testcase classname="com.TestNGPracticeSuite.TestNGAnnotations" name="applyOffers" time="0.016"/>
  <testcase classname="com.TestNGPracticeSuite.TestNGAnnotations" name="checkout" time="0.003"/>
  <testcase classname="com.TestNGPracticeSuite.TestNGAnnotations" name="checkout" time="0.002"/>
  <testcase classname="com.TestNGPracticeSuite.TestNGAnnotations" name="payment" time="0.003"/>
  <testcase classname="com.TestNGPracticeSuite.TestNGAnnotations" name="payment" time="0.005"/>
  <testcase classname="com.TestNGPracticeSuite.TestNGAnnotations" name="placeOrder" time="0.005"/>
  <testcase classname="com.TestNGPracticeSuite.TestNGAnnotations" name="placeOrder" time="0.008"/>
</testsuite> <!-- com.TestNGPracticeSuite.TestNGAnnotations -->
