<?xml version="1.0" encoding="UTF-8"?>
<!-- Generated by org.testng.reporters.JUnitReportReporter -->
<testsuite hostname="CHMB135994" failures="0" tests="4" name="common_files.Interview2" time="0.080" errors="0" timestamp="2026-04-20T12:03:47 IST" skipped="0">
  <testcase classname="common_files.Interview2" name="checkout" time="0.003"/>
  <testcase classname="common_files.Interview2" name="login" time="0.004"/>
  <testcase classname="common_files.Interview2" name="signUp" time="0.002"/>
  <testcase classname="common_files.Interview2" name="addToCart" time="0.071"/>
</testsuite> <!-- common_files.Interview2 -->
