<?xml version="1.0" encoding="UTF-8"?>
<!-- Generated by org.testng.reporters.JUnitReportReporter -->
<testsuite hostname="CHMB135994" failures="0" tests="5" name="common_files.Interview1" time="0.042" errors="0" timestamp="2026-05-12T00:44:14 IST" skipped="0">
  <testcase classname="common_files.Interview1" name="SignUp" time="0.030"/>
  <testcase classname="common_files.Interview1" name="Login" time="0.003"/>
  <testcase classname="common_files.Interview1" name="AddToCart" time="0.003"/>
  <testcase classname="common_files.Interview1" name="Checkout" time="0.004"/>
  <testcase classname="common_files.Interview1" name="PlaceOrder" time="0.002"/>
</testsuite> <!-- common_files.Interview1 -->
