<?xml version="1.0" encoding="UTF-8"?>
<!-- Generated by org.testng.reporters.JUnitReportReporter -->
<testsuite hostname="CHMB135994" failures="0" tests="12" name="common_files.TestNGPractice" time="0.479" errors="0" timestamp="2026-05-12T01:44:05 IST" skipped="0">
  <testcase classname="common_files.TestNGPractice" name="signup" time="0.019"/>
  <testcase classname="common_files.TestNGPractice" name="signup" time="0.006"/>
  <testcase classname="common_files.TestNGPractice" name="signup" time="0.015"/>
  <testcase classname="common_files.TestNGPractice" name="signup" time="0.026"/>
  <testcase classname="common_files.TestNGPractice" name="signup" time="0.016"/>
  <testcase classname="common_files.TestNGPractice" name="signup" time="0.020"/>
  <testcase classname="common_files.TestNGPractice" name="login" time="0.072"/>
  <testcase classname="common_files.TestNGPractice" name="continueAsGuest" time="0.070"/>
  <testcase classname="common_files.TestNGPractice" name="addToCart" time="0.054"/>
  <testcase classname="common_files.TestNGPractice" name="checkout" time="0.074"/>
  <testcase classname="common_files.TestNGPractice" name="payment" time="0.076"/>
  <testcase classname="common_files.TestNGPractice" name="orderConfirmation" time="0.031"/>
</testsuite> <!-- common_files.TestNGPractice -->
