<?xml version="1.0" encoding="UTF-8"?>
<testng-results ignored="0" total="1" passed="1" failed="0" skipped="0">
  <reporter-output>
  </reporter-output>
  <suite started-at="2026-05-16T15:13:47 IST" name="Default suite" finished-at="2026-05-16T15:14:05 IST" duration-ms="17777">
    <groups>
      <group name="cucumber">
        <method signature="AbstractTestNGCucumberTests.runScenario(io.cucumber.testng.PickleWrapper,io.cucumber.testng.FeatureWrapper)[pri:0, instance:Runner.TestRunner@2df3b89c]" name="runScenario" class="io.cucumber.testng.AbstractTestNGCucumberTests"/>
      </group> <!-- cucumber -->
    </groups>
    <test started-at="2026-05-16T15:13:47 IST" name="Default test" finished-at="2026-05-16T15:14:05 IST" duration-ms="17777">
      <class name="Runner.TestRunner">
        <test-method is-config="true" signature="setUpClass(org.testng.ITestContext)[pri:0, instance:Runner.TestRunner@2df3b89c]" started-at="2026-05-16T15:13:47 IST" name="setUpClass" finished-at="2026-05-16T15:13:48 IST" duration-ms="989" status="PASS">
          <params>
            <param index="0">
              <value>
                <![CDATA[org.testng.TestRunner@3701e6e4]]>
              </value>
            </param>
          </params>
          <reporter-output>
          </reporter-output>
        </test-method> <!-- setUpClass -->
        <test-method signature="runScenario(io.cucumber.testng.PickleWrapper,io.cucumber.testng.FeatureWrapper)[pri:0, instance:Runner.TestRunner@2df3b89c]" started-at="2026-05-16T15:13:48 IST" name="runScenario" description="Runs Cucumber Scenarios" data-provider="scenarios" finished-at="2026-05-16T15:14:05 IST" duration-ms="16628" status="PASS">
          <params>
            <param index="0">
              <value>
                <![CDATA["Validating login page with valid credentials"]]>
              </value>
            </param>
            <param index="1">
              <value>
                <![CDATA["Validating login screen"]]>
              </value>
            </param>
          </params>
          <reporter-output>
          </reporter-output>
        </test-method> <!-- runScenario -->
        <test-method is-config="true" signature="tearDownClass()[pri:0, instance:Runner.TestRunner@2df3b89c]" started-at="2026-05-16T15:14:05 IST" name="tearDownClass" finished-at="2026-05-16T15:14:05 IST" duration-ms="77" status="PASS">
          <reporter-output>
          </reporter-output>
        </test-method> <!-- tearDownClass -->
      </class> <!-- Runner.TestRunner -->
    </test> <!-- Default test -->
  </suite> <!-- Default suite -->
</testng-results>
