<?xml version="1.0" encoding="UTF-8"?>
<!-- Generated by org.testng.reporters.JUnitXMLReporter -->
<testsuite ignored="0" hostname="CHMB135994" failures="1" tests="12" name="Default test" time="0.211" errors="0" timestamp="2026-05-12T01:43:47 IST">
  <testcase classname="common_files.TestNGPractice" name="signup" time="0.034"/>
  <testcase classname="common_files.TestNGPractice" name="signup" time="0.033"/>
  <testcase classname="common_files.TestNGPractice" name="signup" time="0.034"/>
  <testcase classname="common_files.TestNGPractice" name="signup" time="0.006"/>
  <testcase classname="common_files.TestNGPractice" name="signup" time="0.004"/>
  <testcase classname="common_files.TestNGPractice" name="signup" time="0.012"/>
  <testcase classname="common_files.TestNGPractice" name="login" time="0.0">
    <failure type="org.testng.TestNGException" message="
Parameter &amp;apos;email&amp;apos; is required by @Test on method login but has not been marked @Optional or defined
in /private/var/folders/61/ssmzv4tx7rd3xzp9g2k9cl_w0000gp/T/testng-eclipse--1058303046/testng-customsuite.xml">
      <![CDATA[org.testng.TestNGException: 
Parameter 'email' is required by @Test on method login but has not been marked @Optional or defined
in /private/var/folders/61/ssmzv4tx7rd3xzp9g2k9cl_w0000gp/T/testng-eclipse--1058303046/testng-customsuite.xml
at org.testng.internal.Parameters.createParams(Parameters.java:264)
at org.testng.internal.Parameters.createParametersForMethod(Parameters.java:352)
at org.testng.internal.Parameters.createParameters(Parameters.java:690)
at org.testng.internal.Parameters.handleParameters(Parameters.java:885)
at org.testng.internal.Parameters.handleParameters(Parameters.java:734)
at org.testng.internal.invokers.ParameterHandler.handleParameters(ParameterHandler.java:72)
at org.testng.internal.invokers.ParameterHandler.createParameters(ParameterHandler.java:51)
at org.testng.internal.invokers.TestInvoker$MethodInvocationAgent.invoke(TestInvoker.java:949)
at org.testng.internal.invokers.TestInvoker.invokeTestMethods(TestInvoker.java:203)
at org.testng.internal.invokers.TestMethodWorker.invokeTestMethods(TestMethodWorker.java:154)
at org.testng.internal.invokers.TestMethodWorker.run(TestMethodWorker.java:134)
at java.base/java.util.ArrayList.forEach(ArrayList.java:1597)
at org.testng.TestRunner.privateRun(TestRunner.java:741)
at org.testng.TestRunner.run(TestRunner.java:616)
at org.testng.SuiteRunner.runTest(SuiteRunner.java:421)
at org.testng.SuiteRunner.runSequentially(SuiteRunner.java:413)
at org.testng.SuiteRunner.privateRun(SuiteRunner.java:373)
at org.testng.SuiteRunner.run(SuiteRunner.java:312)
at org.testng.SuiteRunnerWorker.runSuite(SuiteRunnerWorker.java:52)
at org.testng.SuiteRunnerWorker.run(SuiteRunnerWorker.java:95)
at org.testng.TestNG.runSuitesSequentially(TestNG.java:1274)
at org.testng.TestNG.runSuitesLocally(TestNG.java:1208)
at org.testng.TestNG.runSuites(TestNG.java:1112)
at org.testng.TestNG.run(TestNG.java:1079)
at org.testng.remote.AbstractRemoteTestNG.run(AbstractRemoteTestNG.java:115)
at org.testng.remote.RemoteTestNG.initAndRun(RemoteTestNG.java:293)
at org.testng.remote.RemoteTestNG.main(RemoteTestNG.java:91)
]]>
    </failure>
  </testcase> <!-- login -->
  <testcase classname="common_files.TestNGPractice" name="continueAsGuest" time="0.003"/>
  <testcase classname="common_files.TestNGPractice" name="addToCart" time="0.002"/>
  <testcase classname="common_files.TestNGPractice" name="checkout" time="0.003"/>
  <testcase classname="common_files.TestNGPractice" name="payment" time="0.002"/>
  <testcase classname="common_files.TestNGPractice" name="orderConfirmation" time="0.002"/>
</testsuite> <!-- Default test -->
