<?xml version="1.0" encoding="UTF-8"?>
<!-- Generated by org.testng.reporters.JUnitXMLReporter -->
<testsuite ignored="0" hostname="CHMB135994" failures="0" tests="3" name="Test" time="243.103" errors="0" timestamp="2025-07-24T14:47:23 IST">
  <testcase classname="vijay.ParameterPractice1" name="signIn" time="66.016"/>
  <testcase classname="vijay.ParameterPractice1" name="signIn" time="73.125"/>
  <testcase classname="vijay.ParameterPractice1" name="signIn" time="95.646"/>
</testsuite> <!-- Test -->
