<?xml version="1.0" encoding="UTF-8"?>
<!-- Generated by org.testng.reporters.JUnitXMLReporter -->
<testsuite ignored="0" hostname="CHMB135994" failures="0" tests="3" name="Test1" time="219.846" errors="0" timestamp="2025-07-24T14:51:03 IST">
  <testcase classname="vijay.ParameterPractice1" name="signIn" time="64.136"/>
  <testcase classname="vijay.ParameterPractice1" name="signIn" time="71.535"/>
  <testcase classname="vijay.ParameterPractice1" name="signIn" time="78.436"/>
</testsuite> <!-- Test1 -->
