<?xml version="1.0" encoding="UTF-8"?>
<testng-results ignored="0" total="12" passed="12" failed="0" skipped="0">
  <reporter-output>
  </reporter-output>
  <suite started-at="2026-05-12T01:44:05 IST" name="Suite" finished-at="2026-05-12T01:44:05 IST" duration-ms="219">
    <groups>
    </groups>
    <test started-at="2026-05-12T01:44:05 IST" name="Test" finished-at="2026-05-12T01:44:05 IST" duration-ms="219">
      <class name="common_files.TestNGPractice">
        <test-method signature="checkout()[pri:5, instance:common_files.TestNGPractice@702657cc]" started-at="2026-05-12T01:44:05 IST" name="checkout" finished-at="2026-05-12T01:44:05 IST" duration-ms="74" status="PASS">
          <reporter-output>
          </reporter-output>
        </test-method> <!-- checkout -->
        <test-method signature="payment()[pri:6, instance:common_files.TestNGPractice@702657cc]" started-at="2026-05-12T01:44:05 IST" name="payment" finished-at="2026-05-12T01:44:05 IST" duration-ms="76" status="PASS">
          <reporter-output>
          </reporter-output>
        </test-method> <!-- payment -->
        <test-method signature="addToCart()[pri:4, instance:common_files.TestNGPractice@702657cc]" started-at="2026-05-12T01:44:05 IST" name="addToCart" description="Adding an item to cart" finished-at="2026-05-12T01:44:05 IST" duration-ms="54" status="PASS">
          <reporter-output>
          </reporter-output>
        </test-method> <!-- addToCart -->
        <test-method signature="login(java.lang.String,java.lang.String)[pri:2, instance:common_files.TestNGPractice@702657cc]" started-at="2026-05-12T01:44:05 IST" name="login" finished-at="2026-05-12T01:44:05 IST" duration-ms="72" status="PASS">
          <params>
            <param index="0">
              <value>
                <![CDATA[vijay@gmail.com]]>
              </value>
            </param>
            <param index="1">
              <value>
                <![CDATA[12345]]>
              </value>
            </param>
          </params>
          <reporter-output>
          </reporter-output>
        </test-method> <!-- login -->
        <test-method signature="continueAsGuest()[pri:3, instance:common_files.TestNGPractice@702657cc]" started-at="2026-05-12T01:44:05 IST" name="continueAsGuest" finished-at="2026-05-12T01:44:05 IST" duration-ms="70" status="PASS">
          <reporter-output>
          </reporter-output>
        </test-method> <!-- continueAsGuest -->
        <test-method signature="signup()[pri:1, instance:common_files.TestNGPractice@702657cc]" started-at="2026-05-12T01:44:05 IST" name="signup" finished-at="2026-05-12T01:44:05 IST" duration-ms="20" status="PASS">
          <reporter-output>
          </reporter-output>
        </test-method> <!-- signup -->
        <test-method signature="signup()[pri:1, instance:common_files.TestNGPractice@702657cc]" started-at="2026-05-12T01:44:05 IST" name="signup" finished-at="2026-05-12T01:44:05 IST" duration-ms="19" status="PASS">
          <reporter-output>
          </reporter-output>
        </test-method> <!-- signup -->
        <test-method signature="signup()[pri:1, instance:common_files.TestNGPractice@702657cc]" started-at="2026-05-12T01:44:05 IST" name="signup" finished-at="2026-05-12T01:44:05 IST" duration-ms="26" status="PASS">
          <reporter-output>
          </reporter-output>
        </test-method> <!-- signup -->
        <test-method signature="orderConfirmation()[pri:7, instance:common_files.TestNGPractice@702657cc]" started-at="2026-05-12T01:44:05 IST" name="orderConfirmation" finished-at="2026-05-12T01:44:05 IST" duration-ms="31" status="PASS">
          <reporter-output>
          </reporter-output>
        </test-method> <!-- orderConfirmation -->
        <test-method signature="signup()[pri:1, instance:common_files.TestNGPractice@702657cc]" started-at="2026-05-12T01:44:05 IST" name="signup" finished-at="2026-05-12T01:44:05 IST" duration-ms="16" status="PASS">
          <reporter-output>
          </reporter-output>
        </test-method> <!-- signup -->
        <test-method signature="signup()[pri:1, instance:common_files.TestNGPractice@702657cc]" started-at="2026-05-12T01:44:05 IST" name="signup" finished-at="2026-05-12T01:44:05 IST" duration-ms="6" status="PASS">
          <reporter-output>
          </reporter-output>
        </test-method> <!-- signup -->
        <test-method signature="signup()[pri:1, instance:common_files.TestNGPractice@702657cc]" started-at="2026-05-12T01:44:05 IST" name="signup" finished-at="2026-05-12T01:44:05 IST" duration-ms="15" status="PASS">
          <reporter-output>
          </reporter-output>
        </test-method> <!-- signup -->
      </class> <!-- common_files.TestNGPractice -->
    </test> <!-- Test -->
  </suite> <!-- Suite -->
</testng-results>
